ARM GAS  /tmp/ccnG0OST.s 			page 1


   1              		.cpu cortex-m0
   2              		.arch armv6s-m
   3              		.fpu softvfp
   4              		.eabi_attribute 20, 1
   5              		.eabi_attribute 21, 1
   6              		.eabi_attribute 23, 3
   7              		.eabi_attribute 24, 1
   8              		.eabi_attribute 25, 1
   9              		.eabi_attribute 26, 1
  10              		.eabi_attribute 30, 2
  11              		.eabi_attribute 34, 0
  12              		.eabi_attribute 18, 4
  13              		.file	"system_stm32f0xx.c"
  14              		.text
  15              		.section	.text.SystemInit,"ax",%progbits
  16              		.align	1
  17              		.p2align 2,,3
  18              		.global	SystemInit
  19              		.syntax unified
  20              		.code	16
  21              		.thumb_func
  23              	SystemInit:
  24              		@ args = 0, pretend = 0, frame = 0
  25              		@ frame_needed = 0, uses_anonymous_args = 0
  26              		@ link register save eliminated.
  27              		@ sp needed
  28 0000 7047     		bx	lr
  30              		.global	__aeabi_uidiv
  31              		.global	__aeabi_idiv
  32 0002 C046     		.section	.text.SystemCoreClockUpdate,"ax",%progbits
  33              		.align	1
  34              		.p2align 2,,3
  35              		.global	SystemCoreClockUpdate
  36              		.syntax unified
  37              		.code	16
  38              		.thumb_func
  40              	SystemCoreClockUpdate:
  41              		@ args = 0, pretend = 0, frame = 0
  42              		@ frame_needed = 0, uses_anonymous_args = 0
  43 0000 0C23     		movs	r3, #12
  44 0002 144A     		ldr	r2, .L8
  45 0004 10B5     		push	{r4, lr}
  46 0006 5168     		ldr	r1, [r2, #4]
  47 0008 0B40     		ands	r3, r1
  48 000a 082B     		cmp	r3, #8
  49 000c 0AD0     		beq	.L7
  50 000e 1248     		ldr	r0, .L8+4
  51              	.L4:
  52 0010 104B     		ldr	r3, .L8
  53 0012 124A     		ldr	r2, .L8+8
  54 0014 5B68     		ldr	r3, [r3, #4]
  55              		@ sp needed
  56 0016 1B06     		lsls	r3, r3, #24
  57 0018 1B0F     		lsrs	r3, r3, #28
  58 001a D35C     		ldrb	r3, [r2, r3]
  59 001c D840     		lsrs	r0, r0, r3
  60 001e 104B     		ldr	r3, .L8+12
ARM GAS  /tmp/ccnG0OST.s 			page 2


  61 0020 1860     		str	r0, [r3]
  62 0022 10BD     		pop	{r4, pc}
  63              	.L7:
  64 0024 0F21     		movs	r1, #15
  65 0026 5068     		ldr	r0, [r2, #4]
  66 0028 5368     		ldr	r3, [r2, #4]
  67 002a 800C     		lsrs	r0, r0, #18
  68 002c 0840     		ands	r0, r1
  69 002e D26A     		ldr	r2, [r2, #44]
  70 0030 841C     		adds	r4, r0, #2
  71 0032 DB03     		lsls	r3, r3, #15
  72 0034 06D5     		bpl	.L5
  73 0036 1140     		ands	r1, r2
  74 0038 0748     		ldr	r0, .L8+4
  75 003a 0131     		adds	r1, r1, #1
  76 003c FFF7FEFF 		bl	__aeabi_uidiv
  77 0040 6043     		muls	r0, r4
  78 0042 E5E7     		b	.L4
  79              	.L5:
  80 0044 6301     		lsls	r3, r4, #5
  81 0046 1B1B     		subs	r3, r3, r4
  82 0048 9801     		lsls	r0, r3, #6
  83 004a C01A     		subs	r0, r0, r3
  84 004c C000     		lsls	r0, r0, #3
  85 004e 0019     		adds	r0, r0, r4
  86 0050 0002     		lsls	r0, r0, #8
  87 0052 DDE7     		b	.L4
  88              	.L9:
  89              		.align	2
  90              	.L8:
  91 0054 00100240 		.word	1073876992
  92 0058 00127A00 		.word	8000000
  93 005c 00000000 		.word	.LANCHOR1
  94 0060 00000000 		.word	.LANCHOR0
  96              		.global	APBPrescTable
  97              		.global	AHBPrescTable
  98              		.global	SystemCoreClock
  99              		.section	.data.SystemCoreClock,"aw"
 100              		.align	2
 101              		.set	.LANCHOR0,. + 0
 104              	SystemCoreClock:
 105 0000 00127A00 		.word	8000000
 106              		.section	.rodata.AHBPrescTable,"a"
 107              		.align	2
 108              		.set	.LANCHOR1,. + 0
 111              	AHBPrescTable:
 112 0000 00000000 		.ascii	"\000\000\000\000\000\000\000\000\001\002\003\004\006"
 112      00000000 
 112      01020304 
 112      06
 113 000d 070809   		.ascii	"\007\010\011"
 114              		.section	.rodata.APBPrescTable,"a"
 115              		.align	2
 118              	APBPrescTable:
 119 0000 00000000 		.ascii	"\000\000\000\000\001\002\003\004"
 119      01020304 
 120              		.ident	"GCC: (GNU Arm Embedded Toolchain 10.3-2021.10) 10.3.1 20210824 (release)"
ARM GAS  /tmp/ccnG0OST.s 			page 3


ARM GAS  /tmp/ccnG0OST.s 			page 4


DEFINED SYMBOLS
                            *ABS*:0000000000000000 system_stm32f0xx.c
     /tmp/ccnG0OST.s:16     .text.SystemInit:0000000000000000 $t
     /tmp/ccnG0OST.s:23     .text.SystemInit:0000000000000000 SystemInit
     /tmp/ccnG0OST.s:33     .text.SystemCoreClockUpdate:0000000000000000 $t
     /tmp/ccnG0OST.s:40     .text.SystemCoreClockUpdate:0000000000000000 SystemCoreClockUpdate
     /tmp/ccnG0OST.s:91     .text.SystemCoreClockUpdate:0000000000000054 $d
     /tmp/ccnG0OST.s:118    .rodata.APBPrescTable:0000000000000000 APBPrescTable
     /tmp/ccnG0OST.s:111    .rodata.AHBPrescTable:0000000000000000 AHBPrescTable
     /tmp/ccnG0OST.s:104    .data.SystemCoreClock:0000000000000000 SystemCoreClock
     /tmp/ccnG0OST.s:100    .data.SystemCoreClock:0000000000000000 $d
     /tmp/ccnG0OST.s:107    .rodata.AHBPrescTable:0000000000000000 $d
     /tmp/ccnG0OST.s:115    .rodata.APBPrescTable:0000000000000000 $d

UNDEFINED SYMBOLS
__aeabi_uidiv
__aeabi_idiv
